<?xml version="1.0" encoding="UTF-8"?>
<testsuite name="com.emmanuelperotto.strategy.UserTest$PayWithCreditCard" tests="1" skipped="0" failures="0" errors="0" timestamp="2021-03-20T04:27:52" hostname="PISMOWL181" time="0.001">
  <properties/>
  <testcase name="Paying with credit card" classname="com.emmanuelperotto.strategy.UserTest$PayWithCreditCard" time="0.001"/>
  <system-out><![CDATA[]]></system-out>
  <system-err><![CDATA[]]></system-err>
</testsuite>
