<?xml version="1.0" encoding="UTF-8"?>
<testsuite name="com.emmanuelperotto.strategy.UserTest$PayWithPix" tests="1" skipped="0" failures="0" errors="0" timestamp="2021-03-20T03:53:41" hostname="PISMOWL181" time="0.016">
  <properties/>
  <testcase name="Paying with pix" classname="com.emmanuelperotto.strategy.UserTest$PayWithPix" time="0.016"/>
  <system-out><![CDATA[]]></system-out>
  <system-err><![CDATA[]]></system-err>
</testsuite>
